<?xml version="1.0" encoding="UTF-8"?>
<!-- Generated by org.testng.reporters.JUnitXMLReporter -->
<testsuite ignored="0" hostname="DESKTOP-GRE8QJG" failures="0" tests="3" name="Default test" time="0.968" errors="0" timestamp="10 Feb 2022 03:01:41 GMT">
  <testcase classname="collections1.DataDriven_UsingHashMap" name="data1" time="0.023"/>
  <testcase classname="collections1.DataDriven_UsingHashMap" name="data1" time="0.007"/>
  <testcase classname="collections1.DataDriven_UsingHashMap" name="data1" time="0.002"/>
</testsuite> <!-- Default test -->
